[debug] [2018-10-13T18:35:57.780Z] ----------------------------------------------------------------------
[debug] [2018-10-13T18:35:57.784Z] Command:       C:\Program Files\nodejs\node.exe C:\Users\imran\AppData\Roaming\npm\node_modules\firebase-tools\bin\firebase deploy
[debug] [2018-10-13T18:35:57.784Z] CLI Version:   5.0.1
[debug] [2018-10-13T18:35:57.784Z] Platform:      win32
[debug] [2018-10-13T18:35:57.784Z] Node Version:  v8.11.3
[debug] [2018-10-13T18:35:57.785Z] Time:          Sat Oct 13 2018 21:35:57 GMT+0300 (Arab Standard Time)
[debug] [2018-10-13T18:35:57.785Z] ----------------------------------------------------------------------
[debug] 
[debug] [2018-10-13T18:35:57.852Z] > command requires scopes: ["email","openid","https://www.googleapis.com/auth/cloudplatformprojects.readonly","https://www.googleapis.com/auth/firebase","https://www.googleapis.com/auth/cloud-platform"]
[debug] [2018-10-13T18:35:57.853Z] > authorizing via signed-in user
[debug] [2018-10-13T18:35:57.853Z] [iam] checking project client-panel-7ebaa for permissions ["datastore.indexes.create","datastore.indexes.delete","datastore.indexes.list","datastore.indexes.update","firebase.projects.get","firebasehosting.sites.update"]
[debug] [2018-10-13T18:35:57.861Z] >>> HTTP REQUEST POST https://cloudresourcemanager.googleapis.com/v1/projects/client-panel-7ebaa:testIamPermissions  

[debug] [2018-10-13T18:36:01.518Z] <<< HTTP RESPONSE 200
[debug] [2018-10-13T18:36:01.521Z] >>> HTTP REQUEST GET https://admin.firebase.com/v1/projects/client-panel-7ebaa  
 
[debug] [2018-10-13T18:36:03.348Z] <<< HTTP RESPONSE 200
[info] 
[info] === Deploying to 'client-panel-7ebaa'...
[info] 
[info] i  deploying firestore, hosting
[info] i  firestore: checking firestore.rules for compilation errors...
[debug] [2018-10-13T18:36:03.552Z] >>> HTTP REQUEST POST https://firebaserules.googleapis.com/v1/projects/client-panel-7ebaa:test  

[debug] [2018-10-13T18:36:05.445Z] <<< HTTP RESPONSE 200
[info] +  firestore: rules file firestore.rules compiled successfully
[debug] [2018-10-13T18:36:05.449Z] >>> HTTP REQUEST POST https://firebasehosting.googleapis.com/v1beta1/sites/client-panel-7ebaa/versions  

[debug] [2018-10-13T18:36:09.255Z] <<< HTTP RESPONSE 200
[info] i  firestore: uploading rules firestore.rules...
[debug] [2018-10-13T18:36:09.260Z] >>> HTTP REQUEST POST https://firebaserules.googleapis.com/v1/projects/client-panel-7ebaa/rulesets  

[debug] [2018-10-13T18:36:09.261Z] >>> HTTP REQUEST GET https://firestore.googleapis.com/v1beta1/projects/client-panel-7ebaa/databases/(default)/indexes  
 
[debug] [2018-10-13T18:36:11.165Z] <<< HTTP RESPONSE 200
[debug] [2018-10-13T18:36:11.446Z] <<< HTTP RESPONSE 200
[debug] [2018-10-13T18:36:11.447Z] [rules] created ruleset projects/client-panel-7ebaa/rulesets/88b93b15-6e0b-4263-a567-8064d7b8aa12
[info] i  hosting[client-panel-7ebaa]: beginning deploy...
[info] i  hosting[client-panel-7ebaa]: found 17 files in build
[debug] [2018-10-13T18:36:11.491Z] [hosting] hash cache [YnVpbGQ] not populated
[debug] [2018-10-13T18:36:12.887Z] [hosting] hash cache [YnVpbGQ] stored for 17 files
[debug] [2018-10-13T18:36:12.888Z] [hosting][hash queue][FINAL]
[debug] [2018-10-13T18:36:12.889Z] >>> HTTP REQUEST POST https://firebasehosting.googleapis.com/v1beta1/sites/client-panel-7ebaa/versions/937f097c4b4df469:populateFiles  
 <request body omitted>
